<?xml version="1.0" encoding="UTF-8"?>
<!-- Generated by org.testng.reporters.JUnitReportReporter -->
<testsuite hostname="LAPTOP-VBKSKHEN" failures="0" tests="6" name="tests.DashboardTest" time="2.559" errors="0" timestamp="2022-09-03T23:42:51 IST" skipped="0">
  <testcase classname="tests.DashboardTest" name="multipleDataTest" time="0.411"/>
  <system-out/>
  <testcase classname="tests.DashboardTest" name="multipleDataTest" time="0.435"/>
  <system-out/>
  <testcase classname="tests.DashboardTest" name="multipleDataTest" time="0.487"/>
  <system-out/>
  <testcase classname="tests.DashboardTest" name="validEntryTest" time="0.429"/>
  <system-out/>
  <testcase classname="tests.DashboardTest" name="invalidEntryTest" time="0.385"/>
  <system-out/>
  <testcase classname="tests.DashboardTest" name="weakPasswordTest" time="0.412"/>
  <system-out/>
</testsuite> <!-- tests.DashboardTest -->
